<?xml version="1.0" encoding="utf-8"?><testsuites><testsuite errors="0" failures="0" hostname="cshin-ltm.internal.salesforce.com" name="pytest" skipped="0" tests="4" time="0.149" timestamp="2021-02-11T19:54:39.434691"><testcase classname="test.test_subscription.SubscriptionTests" file="test/test_subscription.py" line="75" name="test_create_subscription" time="0.008"></testcase><testcase classname="test.test_subscription.SubscriptionTests" file="test/test_subscription.py" line="93" name="test_delete_subscription" time="0.002"></testcase><testcase classname="test.test_subscription.SubscriptionTests" file="test/test_subscription.py" line="61" name="test_get_subscription_by_id" time="0.004"></testcase><testcase classname="test.test_subscription.SubscriptionTests" file="test/test_subscription.py" line="23" name="test_get_subscriptions" time="0.005"></testcase></testsuite></testsuites>